<?xml version="1.0" encoding="UTF-8"?>
<!-- Generated by org.testng.reporters.JUnitXMLReporter -->
<testsuite ignored="0" hostname="DESKTOP-SEQNCLR" failures="0" tests="3" name="Default test" time="100.318" errors="0" timestamp="2023-02-07T17:19:33 IST">
  <testcase classname="mavencmd.PracticeTest" name="test0" time="42.603"/>
  <testcase classname="mavencmd.PracticeTest" name="test1" time="22.076"/>
  <testcase classname="mavencmd.PracticeTest" name="test3" time="35.458"/>
</testsuite> <!-- Default test -->
