<?xml version="1.0" encoding="UTF-8"?>
<!-- Generated by org.testng.reporters.JUnitXMLReporter -->
<testsuite ignored="0" hostname="DESKTOP-SEQNCLR" failures="0" tests="1" name="Test1" time="23.94" errors="0" timestamp="2023-02-03T17:21:28 IST">
  <testcase classname="grid.CrossBrowserparallelTest" name="@BeforeMethod methodConfiguration" time="23.767">
    <failure type="org.openqa.selenium.SessionNotCreatedException" message="Could not start a new session. Response code 500. Message: Error forwarding the new session Error forwarding the request Failed to connect to /192.168.45.1:9923 
Host info: host: &amp;apos;DESKTOP-SEQNCLR&amp;apos;, ip: &amp;apos;192.168.45.1&amp;apos;
Build info: version: &amp;apos;4.7.1&amp;apos;, revision: &amp;apos;c6795baf1a3&amp;apos;
System info: os.name: &amp;apos;Windows 10&amp;apos;, os.arch: &amp;apos;amd64&amp;apos;, os.version: &amp;apos;10.0&amp;apos;, java.version: &amp;apos;17.0.5&amp;apos;
Driver info: org.openqa.selenium.remote.RemoteWebDriver
Command: [null, newSession {capabilities=[Capabilities {browserName: chrome, platformName: WINDOWS}], desiredCapabilities=Capabilities {browserName: chrome, platformName: WINDOWS}}]
Capabilities {}">
      <![CDATA[org.openqa.selenium.SessionNotCreatedException: Could not start a new session. Response code 500. Message: Error forwarding the new session Error forwarding the request Failed to connect to /192.168.45.1:9923 
Host info: host: 'DESKTOP-SEQNCLR', ip: '192.168.45.1'
Build info: version: '4.7.1', revision: 'c6795baf1a3'
System info: os.name: 'Windows 10', os.arch: 'amd64', os.version: '10.0', java.version: '17.0.5'
Driver info: org.openqa.selenium.remote.RemoteWebDriver
Command: [null, newSession {capabilities=[Capabilities {browserName: chrome, platformName: WINDOWS}], desiredCapabilities=Capabilities {browserName: chrome, platformName: WINDOWS}}]
Capabilities {}
at org.openqa.selenium.remote.ProtocolHandshake.createSession(ProtocolHandshake.java:148)
at org.openqa.selenium.remote.ProtocolHandshake.createSession(ProtocolHandshake.java:106)
at org.openqa.selenium.remote.ProtocolHandshake.createSession(ProtocolHandshake.java:67)
at org.openqa.selenium.remote.HttpCommandExecutor.execute(HttpCommandExecutor.java:156)
at org.openqa.selenium.remote.TracedCommandExecutor.execute(TracedCommandExecutor.java:51)
at org.openqa.selenium.remote.RemoteWebDriver.execute(RemoteWebDriver.java:551)
at org.openqa.selenium.remote.RemoteWebDriver.startSession(RemoteWebDriver.java:244)
at org.openqa.selenium.remote.RemoteWebDriver.<init>(RemoteWebDriver.java:159)
at org.openqa.selenium.remote.RemoteWebDriver.<init>(RemoteWebDriver.java:141)
at grid.CrossBrowserparallelTest.methodConfiguration(CrossBrowserparallelTest.java:28)
at java.base/java.util.ArrayList.forEach(ArrayList.java:1511)
at java.base/java.util.concurrent.FutureTask.run(FutureTask.java:264)
at java.base/java.util.concurrent.ThreadPoolExecutor.runWorker(ThreadPoolExecutor.java:1136)
at java.base/java.util.concurrent.ThreadPoolExecutor$Worker.run(ThreadPoolExecutor.java:635)
at java.base/java.lang.Thread.run(Thread.java:833)
... Removed 21 stack frames]]>
    </failure>
  </testcase> <!-- @BeforeMethod methodConfiguration -->
  <testcase classname="grid.CrossBrowserparallelTest" name="test" time="0.0">
    <skipped/>
  </testcase> <!-- test -->
</testsuite> <!-- Test1 -->
