<?xml version="1.0" encoding="UTF-8"?>
<!-- Generated by org.testng.reporters.JUnitXMLReporter -->
<testsuite hostname="DESKTOP-SEQNCLR" ignored="6" name="Test" tests="4" failures="0" timestamp="2023-02-06T17:37:31 IST" time="0.218" errors="0">
  <testcase name="test0" time="0.021" classname="groupExecution.FirstTest"/>
  <testcase name="test2" time="0.005" classname="groupExecution.FirstTest"/>
  <testcase name="test0" time="0.004" classname="groupExecution.SecondTest"/>
  <testcase name="test2" time="0.003" classname="groupExecution.SecondTest"/>
  <testcase name="test3" time="0.0" classname="groupExecution.ThirdTest">
    <ignored/>
  </testcase> <!-- test3 -->
  <testcase name="test2" time="0.0" classname="groupExecution.ThirdTest">
    <ignored/>
  </testcase> <!-- test2 -->
  <testcase name="test1" time="0.0" classname="groupExecution.FirstTest">
    <ignored/>
  </testcase> <!-- test1 -->
  <testcase name="test1" time="0.0" classname="groupExecution.SecondTest">
    <ignored/>
  </testcase> <!-- test1 -->
  <testcase name="test1" time="0.0" classname="groupExecution.ThirdTest">
    <ignored/>
  </testcase> <!-- test1 -->
  <testcase name="test0" time="0.0" classname="groupExecution.ThirdTest">
    <ignored/>
  </testcase> <!-- test0 -->
</testsuite> <!-- Test -->
