<?xml version="1.0" encoding="UTF-8"?>
<testng-results ignored="0" total="3" passed="3" failed="0" skipped="0">
  <reporter-output>
  </reporter-output>
  <suite started-at="2023-02-07T17:17:52 IST" name="Default suite" finished-at="2023-02-07T17:19:32 IST" duration-ms="100318">
    <groups>
    </groups>
    <test started-at="2023-02-07T17:17:52 IST" name="Default test" finished-at="2023-02-07T17:19:32 IST" duration-ms="100318">
      <class name="mavencmd.PracticeTest">
        <test-method signature="test0()[pri:0, instance:mavencmd.PracticeTest@614ca7df]" started-at="2023-02-07T17:17:52 IST" name="test0" finished-at="2023-02-07T17:18:35 IST" duration-ms="42603" status="PASS">
          <reporter-output>
          </reporter-output>
        </test-method> <!-- test0 -->
        <test-method signature="test1()[pri:0, instance:mavencmd.PracticeTest@614ca7df]" started-at="2023-02-07T17:18:35 IST" name="test1" finished-at="2023-02-07T17:18:57 IST" duration-ms="22076" status="PASS">
          <reporter-output>
          </reporter-output>
        </test-method> <!-- test1 -->
        <test-method signature="test3()[pri:0, instance:mavencmd.PracticeTest@614ca7df]" started-at="2023-02-07T17:18:57 IST" name="test3" finished-at="2023-02-07T17:19:32 IST" duration-ms="35458" status="PASS">
          <reporter-output>
          </reporter-output>
        </test-method> <!-- test3 -->
      </class> <!-- mavencmd.PracticeTest -->
    </test> <!-- Default test -->
  </suite> <!-- Default suite -->
</testng-results>
